c:\work\aoj\aoj\aoj\debug\vc142.pdb
c:\work\aoj\aoj\aoj\debug\vc142.idb
c:\work\aoj\aoj\aoj\debug\itp1_5_c.obj
c:\work\aoj\aoj\aoj\debug\itp1_5_b.obj
c:\work\aoj\aoj\aoj\debug\itp1_5_a.obj
c:\work\aoj\aoj\aoj\debug\itp1_4_d.obj
c:\work\aoj\aoj\aoj\debug\itp1_4_c.obj
c:\work\aoj\aoj\aoj\debug\itp1_4_a.obj
c:\work\aoj\aoj\aoj\debug\itp1_3_d.obj
c:\work\aoj\aoj\aoj\debug\itp1_3_a.obj
c:\work\aoj\aoj\aoj\debug\itp1_2_d.obj
c:\work\aoj\aoj\aoj\debug\itp1_2_c.obj
c:\work\aoj\aoj\aoj\debug\itp1_2_b.obj
c:\work\aoj\aoj\aoj\debug\itp1_2_a.obj
c:\work\aoj\aoj\aoj\debug\itp1_1_d.obj
c:\work\aoj\aoj\debug\aoj.ilk
c:\work\aoj\aoj\debug\aoj.exe
c:\work\aoj\aoj\debug\aoj.pdb
c:\work\aoj\aoj\aoj\debug\aoj.tlog\cl.command.1.tlog
c:\work\aoj\aoj\aoj\debug\aoj.tlog\cl.read.1.tlog
c:\work\aoj\aoj\aoj\debug\aoj.tlog\cl.write.1.tlog
c:\work\aoj\aoj\aoj\debug\aoj.tlog\link.command.1.tlog
c:\work\aoj\aoj\aoj\debug\aoj.tlog\link.read.1.tlog
c:\work\aoj\aoj\aoj\debug\aoj.tlog\link.write.1.tlog
